INFO:root:94	14.0	37.0
INFO:root:174	5.0	62.0
INFO:root:237	21.0	44.0
INFO:root:284	27.0	32.0
INFO:root:307	69.0	86.0
INFO:root:323	21.0	213.0
INFO:root:334	53.0	246.0
INFO:root:344	230.0	193.0
INFO:root:355	261.0	148.0
INFO:root:366	57.0	214.0
INFO:root:374	66.0	381.0
INFO:root:381	27.0	431.0
INFO:root:387	173.0	500.0
INFO:root:392	253.0	500.0
INFO:root:397	59.0	429.0
INFO:root:404	22.0	444.0
INFO:root:408	305.0	355.0
INFO:root:412	470.0	182.0
INFO:root:419	325.0	246.0
INFO:root:425	254.0	336.0
INFO:root:430	123.0	383.0
INFO:root:434	245.0	366.0
INFO:root:438	302.0	500.0
INFO:root:442	391.0	475.0
INFO:root:447	129.0	474.0
INFO:root:451	340.0	374.0
INFO:root:457	190.0	343.0
INFO:root:463	57.0	417.0
INFO:root:467	232.0	350.0
INFO:root:473	17.0	500.0
INFO:root:478	79.0	274.0
INFO:root:483	229.0	339.0
INFO:root:489	124.0	426.0
INFO:root:494	272.0	456.0
INFO:root:499	122.0	500.0
INFO:root:503	122.0	500.0
INFO:root:507	122.0	500.0
INFO:root:511	122.0	500.0
INFO:root:515	122.0	500.0
INFO:root:519	122.0	500.0
INFO:root:523	122.0	500.0
INFO:root:527	122.0	500.0
INFO:root:531	122.0	500.0
INFO:root:535	122.0	500.0
INFO:root:539	122.0	500.0
INFO:root:543	187.0	500.0
INFO:root:547	187.0	500.0
INFO:root:551	187.0	500.0
INFO:root:555	187.0	500.0
INFO:root:559	187.0	500.0
INFO:root:563	272.0	491.0
INFO:root:567	368.0	500.0
INFO:root:573	76.0	500.0
INFO:root:577	172.0	500.0
INFO:root:581	383.0	500.0
INFO:root:585	383.0	500.0
INFO:root:589	383.0	500.0
INFO:root:593	383.0	500.0
INFO:root:597	383.0	500.0
INFO:root:601	383.0	500.0
INFO:root:605	383.0	500.0
INFO:root:609	383.0	500.0
INFO:root:613	383.0	500.0
INFO:root:617	383.0	500.0
INFO:root:622	81.0	500.0
INFO:root:626	81.0	500.0
INFO:root:630	81.0	500.0
INFO:root:634	81.0	351.0
INFO:root:638	81.0	500.0
INFO:root:642	81.0	500.0
INFO:root:646	394.0	444.0
INFO:root:652	54.0	500.0
INFO:root:656	495.0	500.0
INFO:root:661	316.0	304.0
INFO:root:666	170.0	398.0
INFO:root:671	164.0	500.0
INFO:root:676	6.0	500.0
INFO:root:680	147.0	412.0
INFO:root:684	302.0	497.0
INFO:root:688	363.0	432.0
INFO:root:693	123.0	500.0
INFO:root:697	485.0	330.0
INFO:root:704	139.0	242.0
INFO:root:710	152.0	500.0
INFO:root:716	46.0	465.0
INFO:root:720	317.0	500.0
INFO:root:724	317.0	500.0
INFO:root:728	407.0	500.0
INFO:root:733	141.0	422.0
INFO:root:737	163.0	500.0
INFO:root:741	163.0	500.0
INFO:root:745	288.0	478.0
INFO:root:749	303.0	500.0
INFO:root:753	303.0	500.0
INFO:root:757	303.0	500.0
INFO:root:761	320.0	500.0
INFO:root:765	320.0	500.0
INFO:root:769	320.0	500.0
INFO:root:773	398.0	452.0
INFO:root:777	399.0	500.0
INFO:root:781	436.0	500.0
INFO:root:785	436.0	500.0
INFO:root:789	436.0	500.0
INFO:root:793	436.0	500.0
INFO:root:798	64.0	500.0
INFO:root:802	64.0	500.0
INFO:root:806	64.0	500.0
INFO:root:810	64.0	500.0
INFO:root:814	64.0	500.0
INFO:root:818	64.0	500.0
INFO:root:822	64.0	500.0
INFO:root:826	64.0	500.0
INFO:root:830	64.0	500.0
INFO:root:834	64.0	500.0
INFO:root:838	64.0	500.0
INFO:root:842	64.0	500.0
INFO:root:846	64.0	500.0
INFO:root:850	64.0	500.0
INFO:root:854	64.0	500.0
INFO:root:858	64.0	500.0
INFO:root:862	169.0	500.0
INFO:root:866	169.0	500.0
INFO:root:870	169.0	500.0
INFO:root:874	169.0	500.0
INFO:root:878	169.0	500.0
INFO:root:882	169.0	500.0
INFO:root:886	169.0	500.0
INFO:root:890	169.0	500.0
INFO:root:894	169.0	500.0
INFO:root:898	411.0	500.0
INFO:root:903	166.0	500.0
INFO:root:908	199.0	500.0
INFO:root:912	199.0	473.0
INFO:root:916	203.0	453.0
INFO:root:920	291.0	500.0
INFO:root:924	310.0	500.0
INFO:root:928	310.0	500.0
INFO:root:932	310.0	500.0
INFO:root:936	310.0	500.0
INFO:root:940	310.0	500.0
INFO:root:944	310.0	500.0
INFO:root:948	310.0	500.0
INFO:root:952	310.0	500.0
INFO:root:956	310.0	500.0
INFO:root:960	310.0	500.0
INFO:root:964	310.0	500.0
INFO:root:968	310.0	500.0
INFO:root:972	310.0	500.0
INFO:root:976	310.0	500.0
INFO:root:980	310.0	500.0
INFO:root:984	310.0	500.0
INFO:root:988	310.0	374.0
INFO:root:992	310.0	500.0
INFO:root:997	73.0	500.0
INFO:root:1001	73.0	500.0
INFO:root:1005	73.0	500.0
INFO:root:1009	73.0	500.0
INFO:root:1013	73.0	500.0
INFO:root:1017	73.0	500.0
INFO:root:1021	73.0	500.0
INFO:root:1025	73.0	500.0
INFO:root:1029	73.0	500.0
INFO:root:1033	73.0	500.0
INFO:root:1038	7.0	500.0
INFO:root:1042	7.0	500.0
INFO:root:1046	350.0	500.0
INFO:root:1050	350.0	500.0
INFO:root:1055	71.0	500.0
INFO:root:1059	71.0	452.0
